<?xml version="1.0" encoding="UTF-8"?>
<!-- Generated by org.testng.reporters.JUnitReportReporter -->
<testsuite hostname="DESKTOP-L709TVT" failures="0" tests="1" name="Prashanth_maven_project.Extentreports.ExtentReportDemo" time="31.218" errors="0" timestamp="2024-04-30T20:05:14 IST" skipped="0">
  <testcase classname="Prashanth_maven_project.Extentreports.ExtentReportDemo" name="initialize" time="31.218"/>
</testsuite> <!-- Prashanth_maven_project.Extentreports.ExtentReportDemo -->
