<?xml version="1.0" encoding="UTF-8"?>
<!-- Generated by org.testng.reporters.JUnitReportReporter -->
<testsuite hostname="DESKTOP-L709TVT" failures="0" tests="2" name="Cucumber.TestNGRunner" time="21.625" errors="0" timestamp="2024-05-07T20:01:14 IST" skipped="0">
  <testcase classname="Cucumber.TestNGRunner" name="runScenario" time="13.339"/>
  <testcase classname="Cucumber.TestNGRunner" name="runScenario" time="8.286"/>
</testsuite> <!-- Cucumber.TestNGRunner -->
